0 info it worked if it ends with ok
1 verbose cli [ 'C:\\Program Files\\nodejs\\node.exe',
1 verbose cli   'C:\\Program Files\\nodejs\\node_modules\\npm\\bin\\npm-cli.js',
1 verbose cli   'run',
1 verbose cli   'start' ]
2 info using npm@4.1.2
3 info using node@v7.7.3
4 verbose run-script [ 'prestart', 'start', 'poststart' ]
5 info lifecycle aframe-hello-world-boilerplate@0.3.0~prestart: aframe-hello-world-boilerplate@0.3.0
6 silly lifecycle aframe-hello-world-boilerplate@0.3.0~prestart: no script for prestart, continuing
7 info lifecycle aframe-hello-world-boilerplate@0.3.0~start: aframe-hello-world-boilerplate@0.3.0
8 verbose lifecycle aframe-hello-world-boilerplate@0.3.0~start: unsafe-perm in lifecycle true
9 verbose lifecycle aframe-hello-world-boilerplate@0.3.0~start: PATH: C:\Program Files\nodejs\node_modules\npm\bin\node-gyp-bin;C:\Users\Christopher Tse\Documents\web_projects\DrumTutorVR\node_modules\.bin;C:\Users\Christopher Tse\bin;C:\Users\Christopher Tse\.local\bin;C:\Users\Christopher Tse\bin;C:\Program Files\Git\mingw64\bin;C:\Program Files\Git\usr\local\bin;C:\Program Files\Git\usr\bin;C:\Program Files\Git\usr\bin;C:\Program Files\Git\mingw64\bin;C:\Program Files\Git\usr\bin;C:\Users\Christopher Tse\bin;C:\ProgramData\Oracle\Java\javapath;C:\WINDOWS\system32;C:\WINDOWS;C:\WINDOWS\System32\Wbem;C:\WINDOWS\System32\WindowsPowerShell\v1.0;C:\Program Files (x86)\ATI Technologies\ATI.ACE\Core-Static;C:\Program Files (x86)\Java\jre1.8.0_111\bin;C:\Program Files\Git\cmd;C:\apache-maven-3.3.9\bin;C:\Program Files (x86)\GtkSharp\2.12\bin;C:\Program Files (x86)\Skype\Phone;C:\Program Files\nodejs;C:\Program Files\SourceGear\Common\DiffMerge;C:\Program Files\Microsoft SQL Server\130\Tools\Binn;C:\Program Files\dotnet;C:\Program Files\Geth;C:\Program Files\Common Files\Autodesk Shared;C:\Program Files (x86)\Autodesk\Backburner;C:\Program Files (x86)\NVIDIA Corporation\PhysX\Common;C:\Babun\.babun;C:\Users\Christopher Tse\AppData\Local\Microsoft\WindowsApps;C:\Users\Christopher Tse\AppData\Roaming\npm;C:\Program Files\Sublime Text 3;C:\Program Files\Heroku\bin;C:\Program Files\emacs\bin;C:\Program Files\Microsoft VS Code\bin;C:\Program Files\Git\usr\bin\vendor_perl;C:\Program Files\Git\usr\bin\core_perl
10 verbose lifecycle aframe-hello-world-boilerplate@0.3.0~start: CWD: C:\Users\Christopher Tse\Documents\web_projects\DrumTutorVR
11 silly lifecycle aframe-hello-world-boilerplate@0.3.0~start: Args: [ '/d /s /c', 'budo --live --verbose --port 3000 --open' ]
12 silly lifecycle aframe-hello-world-boilerplate@0.3.0~start: Returned: code: 1  signal: null
13 info lifecycle aframe-hello-world-boilerplate@0.3.0~start: Failed to exec start script
14 verbose stack Error: aframe-hello-world-boilerplate@0.3.0 start: `budo --live --verbose --port 3000 --open`
14 verbose stack Exit status 1
14 verbose stack     at EventEmitter.<anonymous> (C:\Program Files\nodejs\node_modules\npm\lib\utils\lifecycle.js:279:16)
14 verbose stack     at emitTwo (events.js:106:13)
14 verbose stack     at EventEmitter.emit (events.js:194:7)
14 verbose stack     at ChildProcess.<anonymous> (C:\Program Files\nodejs\node_modules\npm\lib\utils\spawn.js:40:14)
14 verbose stack     at emitTwo (events.js:106:13)
14 verbose stack     at ChildProcess.emit (events.js:194:7)
14 verbose stack     at maybeClose (internal/child_process.js:899:16)
14 verbose stack     at Process.ChildProcess._handle.onexit (internal/child_process.js:226:5)
15 verbose pkgid aframe-hello-world-boilerplate@0.3.0
16 verbose cwd C:\Users\Christopher Tse\Documents\web_projects\DrumTutorVR
17 error Windows_NT 10.0.16299
18 error argv "C:\\Program Files\\nodejs\\node.exe" "C:\\Program Files\\nodejs\\node_modules\\npm\\bin\\npm-cli.js" "run" "start"
19 error node v7.7.3
20 error npm  v4.1.2
21 error code ELIFECYCLE
22 error aframe-hello-world-boilerplate@0.3.0 start: `budo --live --verbose --port 3000 --open`
22 error Exit status 1
23 error Failed at the aframe-hello-world-boilerplate@0.3.0 start script 'budo --live --verbose --port 3000 --open'.
23 error Make sure you have the latest version of node.js and npm installed.
23 error If you do, this is most likely a problem with the aframe-hello-world-boilerplate package,
23 error not with npm itself.
23 error Tell the author that this fails on your system:
23 error     budo --live --verbose --port 3000 --open
23 error You can get information on how to open an issue for this project with:
23 error     npm bugs aframe-hello-world-boilerplate
23 error Or if that isn't available, you can get their info via:
23 error     npm owner ls aframe-hello-world-boilerplate
23 error There is likely additional logging output above.
24 verbose exit [ 1, true ]
